TACC: Starting up job 6708720
TACC: Setting up parallel environment for MVAPICH2+mpispawn.
TACC: Starting parallel tasks...
CPU-GPU copy time = 9.9e-05 seconds
n = 500, simulation time = 0.10809 seconds
 
TACC: Shutdown complete. Exiting.
TACC: Starting up job 6708720
TACC: Setting up parallel environment for MVAPICH2+mpispawn.
TACC: Starting parallel tasks...
CPU-GPU copy time = 0.000103 seconds
n = 1000, simulation time = 0.143145 seconds
 
TACC: Shutdown complete. Exiting.
TACC: Starting up job 6708720
TACC: Setting up parallel environment for MVAPICH2+mpispawn.
TACC: Starting parallel tasks...
CPU-GPU copy time = 0.000121 seconds
n = 2000, simulation time = 0.213829 seconds
 
TACC: Shutdown complete. Exiting.
TACC: Starting up job 6708720
TACC: Setting up parallel environment for MVAPICH2+mpispawn.
TACC: Starting parallel tasks...
CPU-GPU copy time = 0.000166 seconds
n = 4000, simulation time = 0.36603 seconds
 
TACC: Shutdown complete. Exiting.
TACC: Starting up job 6708720
TACC: Setting up parallel environment for MVAPICH2+mpispawn.
TACC: Starting parallel tasks...
CPU-GPU copy time = 0.000251 seconds
n = 8000, simulation time = 0.655846 seconds
 
TACC: Shutdown complete. Exiting.
TACC: Starting up job 6708720
TACC: Setting up parallel environment for MVAPICH2+mpispawn.
TACC: Starting parallel tasks...
CPU-GPU copy time = 0.000351 seconds
n = 12000, simulation time = 0.955851 seconds
 
TACC: Shutdown complete. Exiting.
TACC: Starting up job 6708720
TACC: Setting up parallel environment for MVAPICH2+mpispawn.
TACC: Starting parallel tasks...
CPU-GPU copy time = 0.000432 seconds
n = 16000, simulation time = 1.25112 seconds
 
TACC: Shutdown complete. Exiting.
/tmp/slurmd/job6708720/slurm_script: line 18: ./autocorrect: Permission denied
