TACC: Starting up job 448088
TACC: Setting up parallel environment for MVAPICH2+mpispawn.
TACC: Starting parallel tasks...
CPU-GPU copy time = 0.001356 seconds
n = 500, simulation time = 0.097764 seconds
 
TACC: Shutdown complete. Exiting.
TACC: Starting up job 448088
TACC: Setting up parallel environment for MVAPICH2+mpispawn.
TACC: Starting parallel tasks...
CPU-GPU copy time = 0.000116 seconds
n = 1000, simulation time = 0.12826 seconds
 
TACC: Shutdown complete. Exiting.
TACC: Starting up job 448088
TACC: Setting up parallel environment for MVAPICH2+mpispawn.
TACC: Starting parallel tasks...
CPU-GPU copy time = 0.000155 seconds
n = 2000, simulation time = 0.188883 seconds
 
TACC: Shutdown complete. Exiting.
TACC: Starting up job 448088
TACC: Setting up parallel environment for MVAPICH2+mpispawn.
TACC: Starting parallel tasks...
CPU-GPU copy time = 0.000132 seconds
n = 3000, simulation time = 0.243066 seconds
 
TACC: Shutdown complete. Exiting.
TACC: Starting up job 448088
TACC: Setting up parallel environment for MVAPICH2+mpispawn.
TACC: Starting parallel tasks...
CPU-GPU copy time = 0.000202 seconds
n = 6000, simulation time = 0.435488 seconds
 
TACC: Shutdown complete. Exiting.
TACC: Starting up job 448088
TACC: Setting up parallel environment for MVAPICH2+mpispawn.
TACC: Starting parallel tasks...
CPU-GPU copy time = 0.000535 seconds
n = 12000, simulation time = 0.82072 seconds
 
TACC: Shutdown complete. Exiting.
