TACC: Starting up job 6708767
TACC: Setting up parallel environment for MVAPICH2+mpispawn.
TACC: Starting parallel tasks...
CPU-GPU copy time = 9.3e-05 seconds
n = 500, simulation time = 0.107959 seconds
 
TACC: Shutdown complete. Exiting.
TACC: Starting up job 6708767
TACC: Setting up parallel environment for MVAPICH2+mpispawn.
TACC: Starting parallel tasks...
CPU-GPU copy time = 0.000105 seconds
n = 1000, simulation time = 0.142938 seconds
 
TACC: Shutdown complete. Exiting.
TACC: Starting up job 6708767
TACC: Setting up parallel environment for MVAPICH2+mpispawn.
TACC: Starting parallel tasks...
CPU-GPU copy time = 0.00012 seconds
n = 2000, simulation time = 0.214185 seconds
 
TACC: Shutdown complete. Exiting.
TACC: Starting up job 6708767
TACC: Setting up parallel environment for MVAPICH2+mpispawn.
TACC: Starting parallel tasks...
CPU-GPU copy time = 0.000165 seconds
n = 4000, simulation time = 0.366305 seconds
 
TACC: Shutdown complete. Exiting.
TACC: Starting up job 6708767
TACC: Setting up parallel environment for MVAPICH2+mpispawn.
TACC: Starting parallel tasks...
CPU-GPU copy time = 0.000253 seconds
n = 8000, simulation time = 0.653815 seconds
 
TACC: Shutdown complete. Exiting.
TACC: Starting up job 6708767
TACC: Setting up parallel environment for MVAPICH2+mpispawn.
TACC: Starting parallel tasks...
CPU-GPU copy time = 0.000342 seconds
n = 12000, simulation time = 0.955539 seconds
 
TACC: Shutdown complete. Exiting.
TACC: Starting up job 6708767
TACC: Setting up parallel environment for MVAPICH2+mpispawn.
TACC: Starting parallel tasks...
CPU-GPU copy time = 0.000433 seconds
n = 16000, simulation time = 1.24934 seconds
 
TACC: Shutdown complete. Exiting.
slurmstepd: *** JOB 6708767 CANCELLED AT 2016-03-10T14:45:46 DUE TO TIME LIMIT on c557-101 ***
